<?xml version="1.0" encoding="UTF-8"?>
<testsuite errors="0" failures="0" hostname="lixiaomin-PC" name="edu.buaa.test.ParkingBoyTest_WhenHavingSeveralParkplace" tests="6" time="0.017" timestamp="2012-12-17T08:58:59">
  <properties />
  <testcase classname="edu.buaa.test.ParkingBoyTest_WhenHavingSeveralParkplace" name="should_park_Sucess_when_park_is_empty" time="0.001" />
  <testcase classname="edu.buaa.test.ParkingBoyTest_WhenHavingSeveralParkplace" name="should_fetch_Sucess_when_park_is_empty" time="0.005" />
  <testcase classname="edu.buaa.test.ParkingBoyTest_WhenHavingSeveralParkplace" name="should_fetch_Sucess_when_park_is_notempty" time="0.001" />
  <testcase classname="edu.buaa.test.ParkingBoyTest_WhenHavingSeveralParkplace" name="should_park_in_the_more_empty_parkplace" time="0.0" />
  <testcase classname="edu.buaa.test.ParkingBoyTest_WhenHavingSeveralParkplace" name="should_throwParkFullException_if_park_when_park_is_full" time="0.0" />
  <testcase classname="edu.buaa.test.ParkingBoyTest_WhenHavingSeveralParkplace" name="should_park_in_the_first_parkplace_if_park_availableSize_same" time="0.001" />
  <system-out><![CDATA[]]></system-out>
  <system-err><![CDATA[]]></system-err>
</testsuite>
