<?xml version="1.0" encoding="UTF-8"?>
<testsuite errors="0" failures="0" hostname="lixiaomin-PC" name="edu.buaa.test.ParkingBoyTest" tests="2" time="0.077" timestamp="2012-12-17T08:58:59">
  <properties />
  <testcase classname="edu.buaa.test.ParkingBoyTest" name="parkBoy_ShouldParkCar" time="0.005" />
  <testcase classname="edu.buaa.test.ParkingBoyTest" name="parkBoy_ShouldfetchCar" time="0.0" />
  <system-out><![CDATA[]]></system-out>
  <system-err><![CDATA[]]></system-err>
</testsuite>
