<?xml version="1.0" encoding="UTF-8"?>
<testsuite errors="0" failures="0" hostname="lixiaomin-PC" name="edu.buaa.test.ParkingManagerTest" tests="2" time="0.005" timestamp="2012-12-17T08:58:59">
  <properties />
  <testcase classname="edu.buaa.test.ParkingManagerTest" name="parkBoy_park_parkManager_park" time="0.0" />
  <testcase classname="edu.buaa.test.ParkingManagerTest" name="parkManager_ShouldParkCar" time="0.0" />
  <system-out><![CDATA[]]></system-out>
  <system-err><![CDATA[]]></system-err>
</testsuite>
